[2026-02-18 08:52:09] Generado viajes.geojson: features=2 descartados=0
[2026-02-18 09:05:45] Generado viajes.geojson: features=2 descartados=0
[2026-02-18 09:05:47] Publicado en GitHub (push OK)
[2026-02-18 10:15:17] Generado viajes.geojson: features=4 descartados=0
[2026-02-18 10:15:19] Publicado en GitHub (push OK)
[2026-02-18 10:18:47] Generado viajes.geojson: features=6 descartados=0
[2026-02-18 10:18:49] Publicado en GitHub (push OK)
[2026-02-18 10:19:20] Generado viajes.geojson: features=6 descartados=0
[2026-02-18 10:19:21] Publicado en GitHub (push OK)
[2026-02-18 11:50:13] Generado viajes.geojson: features=3 descartados=0
[2026-02-18 11:50:15] Publicado en GitHub (push OK)
[2026-02-18 11:53:23] Generado viajes.geojson: features=5 descartados=0
[2026-02-18 11:53:25] Publicado en GitHub (push OK)
[2026-02-18 12:27:47] Descartado (no geocodifica stop). viaje_id=e65e7197c0 stop='nan' stops=['Tudela', 'Olite', 'nan', 'Pamplona']
[2026-02-18 12:27:47] Descartado (no geocodifica stop). viaje_id=8e0a1bdce5 stop='nan' stops=['Pamplona', 'nan', 'nan', 'Cascante']
[2026-02-18 12:27:48] Descartado (no geocodifica stop). viaje_id=c6338badef stop='nan' stops=['Pamplona', 'Alsasua', 'nan', 'Tafalla']
[2026-02-18 12:27:48] Descartado (no geocodifica stop). viaje_id=2845817958 stop='nan' stops=['Estella', 'nan', 'nan', 'Sangüesa']
[2026-02-18 12:27:48] Descartado (no geocodifica stop). viaje_id=8e77ef77d2 stop='nan' stops=['Pamplona', 'nan', 'nan', 'Pamplona']
[2026-02-18 12:27:48] Descartado (no geocodifica stop). viaje_id=5d032fe5d1 stop='nan' stops=['Burlada', 'nan', 'nan', 'Pamplona']
[2026-02-18 12:27:48] Generado viajes.geojson: features=0 descartados=6
[2026-02-18 12:27:50] Publicado en GitHub (push OK)
[2026-02-18 12:35:43] Descartado (no geocodifica stop). viaje_id=e65e7197c0 stop='nan' stops=['Tudela', 'Olite', 'nan', 'Pamplona']
[2026-02-18 12:35:43] Descartado (no geocodifica stop). viaje_id=8e0a1bdce5 stop='nan' stops=['Pamplona', 'nan', 'nan', 'Cascante']
[2026-02-18 12:35:43] Descartado (no geocodifica stop). viaje_id=c6338badef stop='nan' stops=['Pamplona', 'Alsasua', 'nan', 'Tafalla']
[2026-02-18 12:35:43] Descartado (no geocodifica stop). viaje_id=2845817958 stop='nan' stops=['Estella', 'nan', 'nan', 'Sangüesa']
[2026-02-18 12:35:43] Descartado (no geocodifica stop). viaje_id=8e77ef77d2 stop='nan' stops=['Pamplona', 'nan', 'nan', 'Pamplona']
[2026-02-18 12:35:43] Descartado (no geocodifica stop). viaje_id=5d032fe5d1 stop='nan' stops=['Burlada', 'nan', 'nan', 'Pamplona']
[2026-02-18 12:35:43] Generado viajes.geojson: features=0 descartados=6
[2026-02-18 12:35:45] Publicado en GitHub (push OK)
[2026-02-18 12:36:13] Descartado (no geocodifica stop). viaje_id=e65e7197c0 stop='nan' stops=['Tudela', 'Olite', 'nan', 'Pamplona']
[2026-02-18 12:36:13] Descartado (no geocodifica stop). viaje_id=8e0a1bdce5 stop='nan' stops=['Pamplona', 'nan', 'nan', 'Cascante']
[2026-02-18 12:36:13] Descartado (no geocodifica stop). viaje_id=c6338badef stop='nan' stops=['Pamplona', 'Alsasua', 'nan', 'Tafalla']
[2026-02-18 12:36:13] Descartado (no geocodifica stop). viaje_id=2845817958 stop='nan' stops=['Estella', 'nan', 'nan', 'Sangüesa']
[2026-02-18 12:36:13] Descartado (no geocodifica stop). viaje_id=8e77ef77d2 stop='nan' stops=['Pamplona', 'nan', 'nan', 'Pamplona']
[2026-02-18 12:36:13] Descartado (no geocodifica stop). viaje_id=5d032fe5d1 stop='nan' stops=['Burlada', 'nan', 'nan', 'Pamplona']
[2026-02-18 12:36:13] Generado viajes.geojson: features=0 descartados=6
